

Version:	3.12
CmdLine:	C:\Code\IdeaProjects\werk0001\out\artifacts\werk0001_jar\werk0001.exe --l4j-debug
WOW64:		yes
Working dir:	C:\Code\IdeaProjects\werk0001\out\artifacts\werk0001_jar\.
Java min ver:	
Java max ver:	
Bundled JRE:	C:\jdk-14
Check launcher:	C:\jdk-14\bin\javaw.exe (OK)
Main class:	Editor
Info:		Classpath not defined.
Launcher:	C:\jdk-14\bin\javaw.exe
Launcher args:	-classpath "C:\Code\IdeaProjects\werk0001\out\artifacts\werk0001_jar\werk0001.exe" Editor
Args length:	89/32768 chars
Exit code:	0


Version:	3.12
CmdLine:	C:\Code\IdeaProjects\werk0001\out\artifacts\werk0001_jar\werk0001.exe --l4j-debug
WOW64:		yes
Working dir:	C:\Code\IdeaProjects\werk0001\out\artifacts\werk0001_jar\.
Java min ver:	
Java max ver:	
Bundled JRE:	C:\jdk-14
Check launcher:	C:\jdk-14\bin\javaw.exe (OK)
Main class:	Editor
Info:		Classpath not defined.
Launcher:	C:\jdk-14\bin\javaw.exe
Launcher args:	-classpath "C:\Code\IdeaProjects\werk0001\out\artifacts\werk0001_jar\werk0001.exe" Editor
Args length:	89/32768 chars
Exit code:	0


Version:	3.12
CmdLine:	C:\Code\IdeaProjects\werk0001\out\artifacts\werk0001_jar\werk0001.exe --l4j-debug
WOW64:		yes
Working dir:	C:\Code\IdeaProjects\werk0001\out\artifacts\werk0001_jar\.
Java min ver:	
Java max ver:	
Bundled JRE:	C:\jdk-14
Check launcher:	C:\jdk-14\bin\javaw.exe (OK)
Main class:	Editor
Info:		Classpath not defined.
Launcher:	C:\jdk-14\bin\javaw.exe
Launcher args:	-classpath "C:\Code\IdeaProjects\werk0001\out\artifacts\werk0001_jar\werk0001.exe" Editor
Args length:	89/32768 chars
Exit code:	0


Version:	3.12
CmdLine:	C:\Code\IdeaProjects\werk0001\out\artifacts\werk0001_jar\werk0001.exe --l4j-debug
WOW64:		yes
Working dir:	C:\Code\IdeaProjects\werk0001\out\artifacts\werk0001_jar\.
Java min ver:	
Java max ver:	
Bundled JRE:	C:\jdk-14
Check launcher:	C:\jdk-14\bin\javaw.exe (OK)
Main class:	Editor
Info:		Classpath not defined.
Launcher:	C:\jdk-14\bin\javaw.exe
Launcher args:	-classpath "C:\Code\IdeaProjects\werk0001\out\artifacts\werk0001_jar\werk0001.exe" Editor
Args length:	89/32768 chars
Exit code:	0
